2025-11-21 02:24:54.762 [restartedMain] INFO  c.dormitory.SpringBoot.Application - Starting Application using Java 17.0.17 with PID 4520 (C:\IntelliJCommunityProjects\Smart_Dormitory_App\SpringBoot\build\classes\java\main started by sskt0 in C:\IntelliJCommunityProjects\Smart_Dormitory_App\SpringBoot)
2025-11-21 02:24:54.770 [restartedMain] DEBUG c.dormitory.SpringBoot.Application - Running with Spring Boot v3.5.0, Spring v6.2.7
2025-11-21 02:24:54.771 [restartedMain] INFO  c.dormitory.SpringBoot.Application - The following 1 profile is active: "dev"
2025-11-21 02:24:54.864 [restartedMain] INFO  o.s.b.d.e.DevToolsPropertyDefaultsPostProcessor - Devtools property defaults active! Set 'spring.devtools.add-properties' to 'false' to disable
2025-11-21 02:24:54.865 [restartedMain] INFO  o.s.b.d.e.DevToolsPropertyDefaultsPostProcessor - For additional web related logging consider setting the 'logging.level.web' property to 'DEBUG'
2025-11-21 02:24:56.769 [restartedMain] INFO  o.s.d.r.c.RepositoryConfigurationDelegate - Bootstrapping Spring Data JPA repositories in DEFAULT mode.
2025-11-21 02:24:56.964 [restartedMain] INFO  o.s.d.r.c.RepositoryConfigurationDelegate - Finished Spring Data repository scanning in 175 ms. Found 8 JPA repository interfaces.
2025-11-21 02:24:58.972 [restartedMain] INFO  o.s.b.w.e.tomcat.TomcatWebServer - Tomcat initialized with port 8080 (http)
2025-11-21 02:24:59.019 [restartedMain] INFO  o.a.catalina.core.StandardService - Starting service [Tomcat]
2025-11-21 02:24:59.021 [restartedMain] INFO  o.a.catalina.core.StandardEngine - Starting Servlet engine: [Apache Tomcat/10.1.41]
2025-11-21 02:24:59.143 [restartedMain] INFO  o.a.c.c.C.[Tomcat].[localhost].[/] - Initializing Spring embedded WebApplicationContext
2025-11-21 02:24:59.144 [restartedMain] INFO  o.s.b.w.s.c.ServletWebServerApplicationContext - Root WebApplicationContext: initialization completed in 4278 ms
2025-11-21 02:24:59.744 [restartedMain] INFO  o.h.jpa.internal.util.LogHelper - HHH000204: Processing PersistenceUnitInfo [name: default]
2025-11-21 02:24:59.959 [restartedMain] INFO  org.hibernate.Version - HHH000412: Hibernate ORM core version 6.6.15.Final
2025-11-21 02:25:00.069 [restartedMain] INFO  o.h.c.i.RegionFactoryInitiator - HHH000026: Second-level cache disabled
2025-11-21 02:25:00.603 [restartedMain] INFO  o.s.o.j.p.SpringPersistenceUnitInfo - No LoadTimeWeaver setup: ignoring JPA class transformer
2025-11-21 02:25:00.640 [restartedMain] INFO  com.zaxxer.hikari.HikariDataSource - HikariPool-1 - Starting...
2025-11-21 02:25:00.878 [restartedMain] INFO  com.zaxxer.hikari.pool.HikariPool - HikariPool-1 - Added connection com.mysql.cj.jdbc.ConnectionImpl@61a0d880
2025-11-21 02:25:00.881 [restartedMain] INFO  com.zaxxer.hikari.HikariDataSource - HikariPool-1 - Start completed.
2025-11-21 02:25:00.954 [restartedMain] WARN  org.hibernate.orm.deprecation - HHH90000025: MySQL8Dialect does not need to be specified explicitly using 'hibernate.dialect' (remove the property setting and it will be selected by default)
2025-11-21 02:25:00.955 [restartedMain] WARN  org.hibernate.orm.deprecation - HHH90000026: MySQL8Dialect has been deprecated; use org.hibernate.dialect.MySQLDialect instead
2025-11-21 02:25:00.977 [restartedMain] INFO  o.hibernate.orm.connections.pooling - HHH10001005: Database info:
	Database JDBC URL [Connecting through datasource 'HikariDataSource (HikariPool-1)']
	Database driver: undefined/unknown
	Database version: 8.0
	Autocommit mode: undefined/unknown
	Isolation level: undefined/unknown
	Minimum pool size: undefined/unknown
	Maximum pool size: undefined/unknown
2025-11-21 02:25:02.350 [restartedMain] INFO  o.s.o.j.LocalContainerEntityManagerFactoryBean - Initialized JPA EntityManagerFactory for persistence unit 'default'
2025-11-21 02:25:02.785 [restartedMain] INFO  o.s.d.j.r.query.QueryEnhancerFactory - Hibernate is in classpath; If applicable, HQL parser will be used.
2025-11-21 02:25:03.801 [restartedMain] DEBUG c.d.S.filter.JwtAuthenticationFilter - Filter 'jwtAuthenticationFilter' configured for use
2025-11-21 02:25:05.651 [restartedMain] INFO  o.s.b.a.e.web.EndpointLinksResolver - Exposing 3 endpoints beneath base path '/actuator'
2025-11-21 02:25:05.682 [restartedMain] WARN  o.s.b.a.s.s.UserDetailsServiceAutoConfiguration - 

Using generated security password: 20a302f9-bb39-4eca-ac58-6c12d7f690a3

This generated password is for development use only. Your security configuration must be updated before running your application in production.

2025-11-21 02:25:05.690 [restartedMain] INFO  o.s.s.c.a.a.c.InitializeUserDetailsBeanManagerConfigurer$InitializeUserDetailsManagerConfigurer - Global AuthenticationManager configured with UserDetailsService bean with name inMemoryUserDetailsManager
2025-11-21 02:25:06.231 [restartedMain] INFO  o.s.b.d.a.OptionalLiveReloadServer - LiveReload server is running on port 35729
2025-11-21 02:25:06.363 [restartedMain] INFO  o.s.b.w.e.tomcat.TomcatWebServer - Tomcat started on port 8080 (http) with context path '/'
2025-11-21 02:25:06.377 [restartedMain] INFO  c.dormitory.SpringBoot.Application - Started Application in 12.275 seconds (process running for 17.899)
